SF:lib/1_domain/entities/advice_entity.dart
DA:7,5
DA:9,3
DA:10,9
LF:3
LH:3
end_of_record
SF:lib/1_domain/failures/failures.dart
DA:4,2
DA:5,2
LF:2
LH:2
end_of_record
SF:lib/1_domain/usecases/advice_usecases.dart
DA:9,1
DA:11,1
DA:13,2
LF:3
LH:3
end_of_record
SF:lib/2_application/pages/adviser/bloc/adviser_bloc.dart
DA:18,1
DA:20,1
DA:21,2
DA:24,1
DA:25,1
DA:27,2
DA:28,1
DA:29,3
DA:30,2
DA:31,1
DA:32,3
DA:36,1
DA:38,1
DA:39,1
DA:40,1
LF:15
LH:15
end_of_record
SF:lib/2_application/pages/adviser/bloc/adviser_state.dart
DA:5,10
DA:6,1
DA:7,1
DA:11,8
DA:15,8
DA:21,3
DA:23,1
DA:24,3
DA:29,3
DA:31,1
DA:32,2
LF:11
LH:11
end_of_record
SF:lib/2_application/pages/adviser/widgets/advice_field.dart
DA:5,8
DA:10,2
DA:12,2
DA:13,2
DA:15,2
DA:16,2
DA:17,2
DA:18,2
DA:19,4
DA:21,2
DA:23,2
DA:24,8
DA:25,4
LF:13
LH:13
end_of_record
SF:lib/0_data/datasources/advice_remote_datasource.dart
DA:20,1
DA:22,1
DA:24,2
DA:25,1
DA:26,1
DA:29,2
DA:30,1
DA:32,3
LF:8
LH:8
end_of_record
SF:lib/0_data/models/advice_model.dart
DA:6,3
DA:8,1
DA:9,3
DA:12,1
DA:13,3
LF:5
LH:5
end_of_record
SF:lib/0_data/repositories/advice_repo_impl.dart
DA:11,1
DA:14,1
DA:19,2
DA:20,4
DA:21,1
DA:22,2
DA:23,1
DA:24,2
DA:26,2
LF:9
LH:9
end_of_record
SF:lib/2_application/core/services/theme_service.dart
DA:6,0
DA:7,0
DA:8,0
LF:3
LH:0
end_of_record
SF:lib/2_application/pages/adviser/adviser_page.dart
DA:13,0
DA:15,0
DA:17,0
DA:18,0
DA:19,0
DA:20,0
DA:22,0
DA:23,0
DA:35,8
DA:37,2
DA:39,2
DA:40,2
DA:41,2
DA:42,2
DA:44,4
DA:47,2
DA:48,2
DA:49,0
DA:51,0
DA:52,0
DA:55,2
DA:56,4
DA:57,0
DA:61,2
DA:63,2
DA:64,2
DA:65,2
DA:66,2
DA:67,2
DA:68,2
DA:69,4
DA:71,4
DA:73,2
DA:74,2
DA:76,2
DA:77,1
DA:78,1
DA:79,1
DA:80,1
DA:82,1
DA:83,1
DA:84,2
DA:85,1
DA:86,1
DA:87,4
DA:88,1
DA:89,1
DA:90,1
DA:93,0
DA:95,0
DA:97,0
DA:108,2
DA:109,0
DA:110,0
LF:54
LH:37
end_of_record
SF:lib/2_application/pages/adviser/widgets/clickable_advice_field.dart
DA:5,1
DA:14,1
DA:16,1
DA:18,1
DA:19,1
DA:21,1
DA:25,2
DA:28,1
DA:31,1
DA:33,1
DA:34,1
DA:35,1
LF:12
LH:12
end_of_record
SF:lib/2_application/pages/adviser/widgets/custom_button.dart
DA:5,2
DA:7,2
DA:9,2
DA:10,2
DA:11,2
DA:12,2
DA:13,2
DA:14,2
DA:15,2
DA:19,6
DA:23,2
DA:25,4
LF:12
LH:12
end_of_record
SF:lib/2_application/pages/adviser/widgets/error_message.dart
DA:5,1
DA:7,1
DA:9,1
DA:10,1
DA:12,1
DA:15,1
DA:16,1
DA:17,2
LF:8
LH:8
end_of_record
