SF:lib/1_domain/entities/advice_entity.dart
DA:7,7
DA:9,3
DA:10,9
LF:3
LH:3
end_of_record
SF:lib/1_domain/failures/failures.dart
DA:4,2
DA:5,2
LF:2
LH:2
end_of_record
SF:lib/1_domain/usecases/advice_usecases.dart
DA:9,1
DA:11,1
DA:13,2
LF:3
LH:3
end_of_record
SF:lib/2_application/pages/adviser/bloc/adviser_bloc.dart
DA:18,1
DA:20,1
DA:21,2
DA:24,1
DA:25,1
DA:27,2
DA:28,1
DA:29,4
DA:30,1
DA:31,3
DA:35,1
DA:37,1
DA:38,1
DA:39,1
LF:14
LH:14
end_of_record
SF:lib/2_application/pages/adviser/bloc/adviser_state.dart
DA:5,3
DA:6,1
DA:7,1
DA:11,1
DA:15,2
DA:20,2
DA:22,1
DA:23,2
DA:28,2
DA:30,1
DA:31,2
LF:11
LH:11
end_of_record
SF:lib/0_data/repositories/advice_repo_impl.dart
DA:11,1
DA:14,1
DA:18,2
DA:19,1
DA:20,1
DA:21,2
DA:22,1
DA:23,2
DA:25,2
LF:9
LH:9
end_of_record
SF:lib/0_data/datasources/advice_remote_datasource.dart
DA:20,1
DA:22,1
DA:24,2
DA:25,1
DA:26,1
DA:29,2
DA:30,1
DA:32,3
LF:8
LH:8
end_of_record
SF:lib/0_data/models/advice_model.dart
DA:4,4
DA:6,1
DA:7,3
LF:3
LH:3
end_of_record
